0 info it worked if it ends with ok
1 verbose cli [ 'node', '/usr/bin/npm', 'install' ]
2 info using npm@1.3.6
3 info using node@v0.10.36
4 verbose readDependencies using package.json deps
5 verbose install where, deps [ '/home/brantleyiit/fun/nolongerAverage.net',
5 verbose install   [ 'body-parser',
5 verbose install     'bootstrap',
5 verbose install     'cookie-parser',
5 verbose install     'debug',
5 verbose install     'express',
5 verbose install     'gulp-pipemin',
5 verbose install     'jade',
5 verbose install     'morgan',
5 verbose install     'serve-favicon' ] ]
6 info preinstall generator@0.0.2
7 verbose readDependencies using package.json deps
8 verbose cache add [ 'body-parser@~1.12.4', null ]
9 verbose cache add name=undefined spec="body-parser@~1.12.4" args=["body-parser@~1.12.4",null]
10 verbose parsed url { protocol: null,
10 verbose parsed url   slashes: null,
10 verbose parsed url   auth: null,
10 verbose parsed url   host: null,
10 verbose parsed url   port: null,
10 verbose parsed url   hostname: null,
10 verbose parsed url   hash: null,
10 verbose parsed url   search: null,
10 verbose parsed url   query: null,
10 verbose parsed url   pathname: 'body-parser@~1.12.4',
10 verbose parsed url   path: 'body-parser@~1.12.4',
10 verbose parsed url   href: 'body-parser@~1.12.4' }
11 verbose cache add name="body-parser" spec="~1.12.4" args=["body-parser","~1.12.4"]
12 verbose parsed url { protocol: null,
12 verbose parsed url   slashes: null,
12 verbose parsed url   auth: null,
12 verbose parsed url   host: null,
12 verbose parsed url   port: null,
12 verbose parsed url   hostname: null,
12 verbose parsed url   hash: null,
12 verbose parsed url   search: null,
12 verbose parsed url   query: null,
12 verbose parsed url   pathname: '~1.12.4',
12 verbose parsed url   path: '~1.12.4',
12 verbose parsed url   href: '~1.12.4' }
13 verbose addNamed [ 'body-parser', '~1.12.4' ]
14 verbose addNamed [ null, '>=1.12.4-0 <1.13.0-0' ]
15 verbose cache add [ 'bootstrap@^3.3.5', null ]
16 verbose cache add name=undefined spec="bootstrap@^3.3.5" args=["bootstrap@^3.3.5",null]
17 verbose parsed url { protocol: null,
17 verbose parsed url   slashes: null,
17 verbose parsed url   auth: null,
17 verbose parsed url   host: null,
17 verbose parsed url   port: null,
17 verbose parsed url   hostname: null,
17 verbose parsed url   hash: null,
17 verbose parsed url   search: null,
17 verbose parsed url   query: null,
17 verbose parsed url   pathname: 'bootstrap@^3.3.5',
17 verbose parsed url   path: 'bootstrap@^3.3.5',
17 verbose parsed url   href: 'bootstrap@^3.3.5' }
18 verbose cache add name="bootstrap" spec="^3.3.5" args=["bootstrap","^3.3.5"]
19 verbose parsed url { protocol: null,
19 verbose parsed url   slashes: null,
19 verbose parsed url   auth: null,
19 verbose parsed url   host: null,
19 verbose parsed url   port: null,
19 verbose parsed url   hostname: null,
19 verbose parsed url   hash: null,
19 verbose parsed url   search: null,
19 verbose parsed url   query: null,
19 verbose parsed url   pathname: '^3.3.5',
19 verbose parsed url   path: '^3.3.5',
19 verbose parsed url   href: '^3.3.5' }
20 verbose addNamed [ 'bootstrap', '^3.3.5' ]
21 verbose addNamed [ null, '>=3.3.5-0 <4.0.0-0' ]
22 verbose cache add [ 'cookie-parser@~1.3.5', null ]
23 verbose cache add name=undefined spec="cookie-parser@~1.3.5" args=["cookie-parser@~1.3.5",null]
24 verbose parsed url { protocol: null,
24 verbose parsed url   slashes: null,
24 verbose parsed url   auth: null,
24 verbose parsed url   host: null,
24 verbose parsed url   port: null,
24 verbose parsed url   hostname: null,
24 verbose parsed url   hash: null,
24 verbose parsed url   search: null,
24 verbose parsed url   query: null,
24 verbose parsed url   pathname: 'cookie-parser@~1.3.5',
24 verbose parsed url   path: 'cookie-parser@~1.3.5',
24 verbose parsed url   href: 'cookie-parser@~1.3.5' }
25 verbose cache add name="cookie-parser" spec="~1.3.5" args=["cookie-parser","~1.3.5"]
26 verbose parsed url { protocol: null,
26 verbose parsed url   slashes: null,
26 verbose parsed url   auth: null,
26 verbose parsed url   host: null,
26 verbose parsed url   port: null,
26 verbose parsed url   hostname: null,
26 verbose parsed url   hash: null,
26 verbose parsed url   search: null,
26 verbose parsed url   query: null,
26 verbose parsed url   pathname: '~1.3.5',
26 verbose parsed url   path: '~1.3.5',
26 verbose parsed url   href: '~1.3.5' }
27 verbose addNamed [ 'cookie-parser', '~1.3.5' ]
28 verbose addNamed [ null, '>=1.3.5-0 <1.4.0-0' ]
29 verbose cache add [ 'debug@~2.2.0', null ]
30 verbose cache add name=undefined spec="debug@~2.2.0" args=["debug@~2.2.0",null]
31 verbose parsed url { protocol: null,
31 verbose parsed url   slashes: null,
31 verbose parsed url   auth: null,
31 verbose parsed url   host: null,
31 verbose parsed url   port: null,
31 verbose parsed url   hostname: null,
31 verbose parsed url   hash: null,
31 verbose parsed url   search: null,
31 verbose parsed url   query: null,
31 verbose parsed url   pathname: 'debug@~2.2.0',
31 verbose parsed url   path: 'debug@~2.2.0',
31 verbose parsed url   href: 'debug@~2.2.0' }
32 verbose cache add name="debug" spec="~2.2.0" args=["debug","~2.2.0"]
33 verbose parsed url { protocol: null,
33 verbose parsed url   slashes: null,
33 verbose parsed url   auth: null,
33 verbose parsed url   host: null,
33 verbose parsed url   port: null,
33 verbose parsed url   hostname: null,
33 verbose parsed url   hash: null,
33 verbose parsed url   search: null,
33 verbose parsed url   query: null,
33 verbose parsed url   pathname: '~2.2.0',
33 verbose parsed url   path: '~2.2.0',
33 verbose parsed url   href: '~2.2.0' }
34 verbose addNamed [ 'debug', '~2.2.0' ]
35 verbose addNamed [ null, '>=2.2.0-0 <2.3.0-0' ]
36 verbose cache add [ 'express@~4.12.4', null ]
37 verbose cache add name=undefined spec="express@~4.12.4" args=["express@~4.12.4",null]
38 verbose parsed url { protocol: null,
38 verbose parsed url   slashes: null,
38 verbose parsed url   auth: null,
38 verbose parsed url   host: null,
38 verbose parsed url   port: null,
38 verbose parsed url   hostname: null,
38 verbose parsed url   hash: null,
38 verbose parsed url   search: null,
38 verbose parsed url   query: null,
38 verbose parsed url   pathname: 'express@~4.12.4',
38 verbose parsed url   path: 'express@~4.12.4',
38 verbose parsed url   href: 'express@~4.12.4' }
39 verbose cache add name="express" spec="~4.12.4" args=["express","~4.12.4"]
40 verbose parsed url { protocol: null,
40 verbose parsed url   slashes: null,
40 verbose parsed url   auth: null,
40 verbose parsed url   host: null,
40 verbose parsed url   port: null,
40 verbose parsed url   hostname: null,
40 verbose parsed url   hash: null,
40 verbose parsed url   search: null,
40 verbose parsed url   query: null,
40 verbose parsed url   pathname: '~4.12.4',
40 verbose parsed url   path: '~4.12.4',
40 verbose parsed url   href: '~4.12.4' }
41 verbose addNamed [ 'express', '~4.12.4' ]
42 verbose addNamed [ null, '>=4.12.4-0 <4.13.0-0' ]
43 verbose cache add [ 'gulp-pipemin@^2.2.4', null ]
44 verbose cache add name=undefined spec="gulp-pipemin@^2.2.4" args=["gulp-pipemin@^2.2.4",null]
45 verbose parsed url { protocol: null,
45 verbose parsed url   slashes: null,
45 verbose parsed url   auth: null,
45 verbose parsed url   host: null,
45 verbose parsed url   port: null,
45 verbose parsed url   hostname: null,
45 verbose parsed url   hash: null,
45 verbose parsed url   search: null,
45 verbose parsed url   query: null,
45 verbose parsed url   pathname: 'gulp-pipemin@^2.2.4',
45 verbose parsed url   path: 'gulp-pipemin@^2.2.4',
45 verbose parsed url   href: 'gulp-pipemin@^2.2.4' }
46 verbose cache add name="gulp-pipemin" spec="^2.2.4" args=["gulp-pipemin","^2.2.4"]
47 verbose parsed url { protocol: null,
47 verbose parsed url   slashes: null,
47 verbose parsed url   auth: null,
47 verbose parsed url   host: null,
47 verbose parsed url   port: null,
47 verbose parsed url   hostname: null,
47 verbose parsed url   hash: null,
47 verbose parsed url   search: null,
47 verbose parsed url   query: null,
47 verbose parsed url   pathname: '^2.2.4',
47 verbose parsed url   path: '^2.2.4',
47 verbose parsed url   href: '^2.2.4' }
48 verbose addNamed [ 'gulp-pipemin', '^2.2.4' ]
49 verbose addNamed [ null, '>=2.2.4-0 <3.0.0-0' ]
50 verbose cache add [ 'jade@~1.9.2', null ]
51 verbose cache add name=undefined spec="jade@~1.9.2" args=["jade@~1.9.2",null]
52 verbose parsed url { protocol: null,
52 verbose parsed url   slashes: null,
52 verbose parsed url   auth: null,
52 verbose parsed url   host: null,
52 verbose parsed url   port: null,
52 verbose parsed url   hostname: null,
52 verbose parsed url   hash: null,
52 verbose parsed url   search: null,
52 verbose parsed url   query: null,
52 verbose parsed url   pathname: 'jade@~1.9.2',
52 verbose parsed url   path: 'jade@~1.9.2',
52 verbose parsed url   href: 'jade@~1.9.2' }
53 verbose cache add name="jade" spec="~1.9.2" args=["jade","~1.9.2"]
54 verbose parsed url { protocol: null,
54 verbose parsed url   slashes: null,
54 verbose parsed url   auth: null,
54 verbose parsed url   host: null,
54 verbose parsed url   port: null,
54 verbose parsed url   hostname: null,
54 verbose parsed url   hash: null,
54 verbose parsed url   search: null,
54 verbose parsed url   query: null,
54 verbose parsed url   pathname: '~1.9.2',
54 verbose parsed url   path: '~1.9.2',
54 verbose parsed url   href: '~1.9.2' }
55 verbose addNamed [ 'jade', '~1.9.2' ]
56 verbose addNamed [ null, '>=1.9.2-0 <1.10.0-0' ]
57 silly lockFile 6b6495e4-body-parser-1-12-4 body-parser@~1.12.4
58 verbose lock body-parser@~1.12.4 /home/brantleyiit/.npm/6b6495e4-body-parser-1-12-4.lock
59 silly lockFile c99e86e3-bootstrap-3-3-5 bootstrap@^3.3.5
60 verbose lock bootstrap@^3.3.5 /home/brantleyiit/.npm/c99e86e3-bootstrap-3-3-5.lock
61 verbose cache add [ 'morgan@~1.5.3', null ]
62 verbose cache add name=undefined spec="morgan@~1.5.3" args=["morgan@~1.5.3",null]
63 verbose parsed url { protocol: null,
63 verbose parsed url   slashes: null,
63 verbose parsed url   auth: null,
63 verbose parsed url   host: null,
63 verbose parsed url   port: null,
63 verbose parsed url   hostname: null,
63 verbose parsed url   hash: null,
63 verbose parsed url   search: null,
63 verbose parsed url   query: null,
63 verbose parsed url   pathname: 'morgan@~1.5.3',
63 verbose parsed url   path: 'morgan@~1.5.3',
63 verbose parsed url   href: 'morgan@~1.5.3' }
64 verbose cache add name="morgan" spec="~1.5.3" args=["morgan","~1.5.3"]
65 verbose parsed url { protocol: null,
65 verbose parsed url   slashes: null,
65 verbose parsed url   auth: null,
65 verbose parsed url   host: null,
65 verbose parsed url   port: null,
65 verbose parsed url   hostname: null,
65 verbose parsed url   hash: null,
65 verbose parsed url   search: null,
65 verbose parsed url   query: null,
65 verbose parsed url   pathname: '~1.5.3',
65 verbose parsed url   path: '~1.5.3',
65 verbose parsed url   href: '~1.5.3' }
66 verbose addNamed [ 'morgan', '~1.5.3' ]
67 verbose addNamed [ null, '>=1.5.3-0 <1.6.0-0' ]
68 silly lockFile 23e862d0-morgan-1-5-3 morgan@~1.5.3
69 verbose lock morgan@~1.5.3 /home/brantleyiit/.npm/23e862d0-morgan-1-5-3.lock
70 verbose cache add [ 'serve-favicon@~2.2.1', null ]
71 verbose cache add name=undefined spec="serve-favicon@~2.2.1" args=["serve-favicon@~2.2.1",null]
72 verbose parsed url { protocol: null,
72 verbose parsed url   slashes: null,
72 verbose parsed url   auth: null,
72 verbose parsed url   host: null,
72 verbose parsed url   port: null,
72 verbose parsed url   hostname: null,
72 verbose parsed url   hash: null,
72 verbose parsed url   search: null,
72 verbose parsed url   query: null,
72 verbose parsed url   pathname: 'serve-favicon@~2.2.1',
72 verbose parsed url   path: 'serve-favicon@~2.2.1',
72 verbose parsed url   href: 'serve-favicon@~2.2.1' }
73 verbose cache add name="serve-favicon" spec="~2.2.1" args=["serve-favicon","~2.2.1"]
74 verbose parsed url { protocol: null,
74 verbose parsed url   slashes: null,
74 verbose parsed url   auth: null,
74 verbose parsed url   host: null,
74 verbose parsed url   port: null,
74 verbose parsed url   hostname: null,
74 verbose parsed url   hash: null,
74 verbose parsed url   search: null,
74 verbose parsed url   query: null,
74 verbose parsed url   pathname: '~2.2.1',
74 verbose parsed url   path: '~2.2.1',
74 verbose parsed url   href: '~2.2.1' }
75 verbose addNamed [ 'serve-favicon', '~2.2.1' ]
76 verbose addNamed [ null, '>=2.2.1-0 <2.3.0-0' ]
77 silly lockFile b7ae84e2-serve-favicon-2-2-1 serve-favicon@~2.2.1
78 verbose lock serve-favicon@~2.2.1 /home/brantleyiit/.npm/b7ae84e2-serve-favicon-2-2-1.lock
79 silly lockFile 34d2ac1d-cookie-parser-1-3-5 cookie-parser@~1.3.5
80 verbose lock cookie-parser@~1.3.5 /home/brantleyiit/.npm/34d2ac1d-cookie-parser-1-3-5.lock
81 silly lockFile 7986b842-debug-2-2-0 debug@~2.2.0
82 verbose lock debug@~2.2.0 /home/brantleyiit/.npm/7986b842-debug-2-2-0.lock
83 silly lockFile 8d972283-express-4-12-4 express@~4.12.4
84 verbose lock express@~4.12.4 /home/brantleyiit/.npm/8d972283-express-4-12-4.lock
85 silly lockFile c364f7e4-gulp-pipemin-2-2-4 gulp-pipemin@^2.2.4
86 verbose lock gulp-pipemin@^2.2.4 /home/brantleyiit/.npm/c364f7e4-gulp-pipemin-2-2-4.lock
87 silly lockFile ee522cbd-jade-1-9-2 jade@~1.9.2
88 verbose lock jade@~1.9.2 /home/brantleyiit/.npm/ee522cbd-jade-1-9-2.lock
89 silly addNameRange { name: 'body-parser',
89 silly addNameRange   range: '>=1.12.4-0 <1.13.0-0',
89 silly addNameRange   hasData: false }
90 silly addNameRange { name: 'bootstrap',
90 silly addNameRange   range: '>=3.3.5-0 <4.0.0-0',
90 silly addNameRange   hasData: false }
91 silly addNameRange { name: 'cookie-parser',
91 silly addNameRange   range: '>=1.3.5-0 <1.4.0-0',
91 silly addNameRange   hasData: false }
92 silly addNameRange { name: 'debug', range: '>=2.2.0-0 <2.3.0-0', hasData: false }
93 silly addNameRange { name: 'express',
93 silly addNameRange   range: '>=4.12.4-0 <4.13.0-0',
93 silly addNameRange   hasData: false }
94 silly addNameRange { name: 'gulp-pipemin',
94 silly addNameRange   range: '>=2.2.4-0 <3.0.0-0',
94 silly addNameRange   hasData: false }
95 silly addNameRange { name: 'morgan', range: '>=1.5.3-0 <1.6.0-0', hasData: false }
96 silly addNameRange { name: 'serve-favicon',
96 silly addNameRange   range: '>=2.2.1-0 <2.3.0-0',
96 silly addNameRange   hasData: false }
97 silly addNameRange { name: 'jade', range: '>=1.9.2-0 <1.10.0-0', hasData: false }
98 verbose url raw bootstrap
99 verbose url resolving [ 'https://registry.npmjs.org/', './bootstrap' ]
100 verbose url resolved https://registry.npmjs.org/bootstrap
101 info trying registry request attempt 1 at 10:17:17
102 http GET https://registry.npmjs.org/bootstrap
103 verbose url raw gulp-pipemin
104 verbose url resolving [ 'https://registry.npmjs.org/', './gulp-pipemin' ]
105 verbose url resolved https://registry.npmjs.org/gulp-pipemin
106 info trying registry request attempt 1 at 10:17:17
107 http GET https://registry.npmjs.org/gulp-pipemin
108 verbose url raw cookie-parser
109 verbose url resolving [ 'https://registry.npmjs.org/', './cookie-parser' ]
110 verbose url resolved https://registry.npmjs.org/cookie-parser
111 info trying registry request attempt 1 at 10:17:18
112 verbose etag "ATOU130F5J4CW554NZMOJYLMR"
113 http GET https://registry.npmjs.org/cookie-parser
114 verbose url raw jade
115 verbose url resolving [ 'https://registry.npmjs.org/', './jade' ]
116 verbose url resolved https://registry.npmjs.org/jade
117 info trying registry request attempt 1 at 10:17:18
118 verbose etag "CG8C178CDY11V6AB2JHUZ30FQ"
119 http GET https://registry.npmjs.org/jade
120 verbose url raw express
121 verbose url resolving [ 'https://registry.npmjs.org/', './express' ]
122 verbose url resolved https://registry.npmjs.org/express
123 info trying registry request attempt 1 at 10:17:18
124 verbose etag "8LVCJV70MHHBQS6U4JDQF1IQ9"
125 http GET https://registry.npmjs.org/express
126 verbose url raw body-parser
127 verbose url resolving [ 'https://registry.npmjs.org/', './body-parser' ]
128 verbose url resolved https://registry.npmjs.org/body-parser
129 info trying registry request attempt 1 at 10:17:18
130 verbose etag "YNYZTVPT7E5MP540Y1N1DA09"
131 http GET https://registry.npmjs.org/body-parser
132 verbose url raw debug
133 verbose url resolving [ 'https://registry.npmjs.org/', './debug' ]
134 verbose url resolved https://registry.npmjs.org/debug
135 info trying registry request attempt 1 at 10:17:18
136 verbose etag "2K7ZNK4V02N40YIMNQCEE81NE"
137 http GET https://registry.npmjs.org/debug
138 verbose url raw serve-favicon
139 verbose url resolving [ 'https://registry.npmjs.org/', './serve-favicon' ]
140 verbose url resolved https://registry.npmjs.org/serve-favicon
141 info trying registry request attempt 1 at 10:17:18
142 verbose etag "GQLNFYPZ2Z06DI9P02T5ZAWV"
143 http GET https://registry.npmjs.org/serve-favicon
144 verbose url raw morgan
145 verbose url resolving [ 'https://registry.npmjs.org/', './morgan' ]
146 verbose url resolved https://registry.npmjs.org/morgan
147 info trying registry request attempt 1 at 10:17:18
148 verbose etag "DTJEV32KHKF019TFMDEBKOF4O"
149 http GET https://registry.npmjs.org/morgan
150 http 200 https://registry.npmjs.org/bootstrap
151 silly registry.get cb [ 200,
151 silly registry.get   { server: 'CouchDB/1.5.0 (Erlang OTP/R16B03)',
151 silly registry.get     etag: '"D6RIE0P70YI8UCP9DLMOMJEOB"',
151 silly registry.get     'content-type': 'application/json',
151 silly registry.get     'cache-control': 'max-age=60',
151 silly registry.get     'content-length': '26133',
151 silly registry.get     'accept-ranges': 'bytes',
151 silly registry.get     date: 'Mon, 19 Oct 2015 14:17:18 GMT',
151 silly registry.get     via: '1.1 varnish',
151 silly registry.get     age: '23',
151 silly registry.get     connection: 'keep-alive',
151 silly registry.get     'x-served-by': 'cache-iad2146-IAD',
151 silly registry.get     'x-cache': 'HIT',
151 silly registry.get     'x-cache-hits': '1',
151 silly registry.get     'x-timer': 'S1445264238.118714,VS0,VE0',
151 silly registry.get     vary: 'Accept' } ]
152 silly addNameRange number 2 { name: 'bootstrap', range: '>=3.3.5-0 <4.0.0-0', hasData: true }
153 silly addNameRange versions [ 'bootstrap',
153 silly addNameRange   [ '0.0.1',
153 silly addNameRange     '0.0.2',
153 silly addNameRange     '3.1.1',
153 silly addNameRange     '3.2.0',
153 silly addNameRange     '3.3.0',
153 silly addNameRange     '3.3.1',
153 silly addNameRange     '3.3.2',
153 silly addNameRange     '3.3.4',
153 silly addNameRange     '3.3.5' ] ]
154 verbose addNamed [ 'bootstrap', '3.3.5' ]
155 verbose addNamed [ '3.3.5', '3.3.5' ]
156 silly lockFile 85083644-bootstrap-3-3-5 bootstrap@3.3.5
157 verbose lock bootstrap@3.3.5 /home/brantleyiit/.npm/85083644-bootstrap-3-3-5.lock
158 silly lockFile a2df37ae-rg-bootstrap-bootstrap-3-3-5-tgz https://registry.npmjs.org/bootstrap/-/bootstrap-3.3.5.tgz
159 verbose lock https://registry.npmjs.org/bootstrap/-/bootstrap-3.3.5.tgz /home/brantleyiit/.npm/a2df37ae-rg-bootstrap-bootstrap-3-3-5-tgz.lock
160 http 304 https://registry.npmjs.org/cookie-parser
161 silly registry.get cb [ 304,
161 silly registry.get   { date: 'Mon, 19 Oct 2015 14:17:18 GMT',
161 silly registry.get     via: '1.1 varnish',
161 silly registry.get     'cache-control': 'max-age=60',
161 silly registry.get     etag: '"ATOU130F5J4CW554NZMOJYLMR"',
161 silly registry.get     age: '20',
161 silly registry.get     connection: 'keep-alive',
161 silly registry.get     'x-served-by': 'cache-iad2139-IAD',
161 silly registry.get     'x-cache': 'HIT',
161 silly registry.get     'x-cache-hits': '1',
161 silly registry.get     'x-timer': 'S1445264238.158122,VS0,VE0',
161 silly registry.get     vary: 'Accept' } ]
162 verbose etag cookie-parser from cache
163 verbose addRemoteTarball [ 'https://registry.npmjs.org/bootstrap/-/bootstrap-3.3.5.tgz',
163 verbose addRemoteTarball   '1777ab79299b128d87dce7cbd86fdc46ac69c0b1' ]
164 silly lockFile a2df37ae-rg-bootstrap-bootstrap-3-3-5-tgz https://registry.npmjs.org/bootstrap/-/bootstrap-3.3.5.tgz
165 silly lockFile a2df37ae-rg-bootstrap-bootstrap-3-3-5-tgz https://registry.npmjs.org/bootstrap/-/bootstrap-3.3.5.tgz
166 silly lockFile 85083644-bootstrap-3-3-5 bootstrap@3.3.5
167 silly lockFile 85083644-bootstrap-3-3-5 bootstrap@3.3.5
168 silly lockFile c99e86e3-bootstrap-3-3-5 bootstrap@^3.3.5
169 silly lockFile c99e86e3-bootstrap-3-3-5 bootstrap@^3.3.5
170 silly addNameRange number 2 { name: 'cookie-parser',
170 silly addNameRange   range: '>=1.3.5-0 <1.4.0-0',
170 silly addNameRange   hasData: true }
171 silly addNameRange versions [ 'cookie-parser',
171 silly addNameRange   [ '1.0.0',
171 silly addNameRange     '1.0.1',
171 silly addNameRange     '1.1.0',
171 silly addNameRange     '1.2.0',
171 silly addNameRange     '1.3.0',
171 silly addNameRange     '1.3.1',
171 silly addNameRange     '1.3.2',
171 silly addNameRange     '1.3.3',
171 silly addNameRange     '1.3.4',
171 silly addNameRange     '1.3.5',
171 silly addNameRange     '1.4.0' ] ]
172 verbose addNamed [ 'cookie-parser', '1.3.5' ]
173 verbose addNamed [ '1.3.5', '1.3.5' ]
174 silly lockFile b6f1abc3-cookie-parser-1-3-5 cookie-parser@1.3.5
175 verbose lock cookie-parser@1.3.5 /home/brantleyiit/.npm/b6f1abc3-cookie-parser-1-3-5.lock
176 error Error: EACCES, mkdir '/home/brantleyiit/tmp/npm-5403-_BK14i47'
176 error  { [Error: EACCES, mkdir '/home/brantleyiit/tmp/npm-5403-_BK14i47']
176 error   errno: 3,
176 error   code: 'EACCES',
176 error   path: '/home/brantleyiit/tmp/npm-5403-_BK14i47' }
177 error Please try running this command again as root/Administrator.
178 error System Linux 4.0.8-300.fc22.x86_64
179 error command "node" "/usr/bin/npm" "install"
180 error cwd /home/brantleyiit/fun/nolongerAverage.net
181 error node -v v0.10.36
182 error npm -v 1.3.6
183 error path /home/brantleyiit/tmp/npm-5403-_BK14i47
184 error code EACCES
185 error errno 3
186 error stack Error: EACCES, mkdir '/home/brantleyiit/tmp/npm-5403-_BK14i47'
187 verbose exit [ 3, true ]
